2025-11-02T08:30:28.389Z [ERROR] (node:13508) [DEP0040] DeprecationWarning: The `punycode` module is deprecated. Please use a userland alternative instead.
(Use `node --trace-deprecation ...` to show where the warning was created)
2025-11-02T08:31:00.762Z [ERROR] (node:13592) [DEP0040] DeprecationWarning: The `punycode` module is deprecated. Please use a userland alternative instead.
(Use `node --trace-deprecation ...` to show where the warning was created)
2025-11-02T09:04:53.080Z [ERROR] (node:14970) [DEP0040] DeprecationWarning: The `punycode` module is deprecated. Please use a userland alternative instead.
(Use `node --trace-deprecation ...` to show where the warning was created)
2025-11-02T09:12:06.483Z [ERROR] (node:19053) [DEP0040] DeprecationWarning: The `punycode` module is deprecated. Please use a userland alternative instead.
(Use `node --trace-deprecation ...` to show where the warning was created)
2025-11-02T09:14:36.970Z [ERROR] (node:19144) [DEP0040] DeprecationWarning: The `punycode` module is deprecated. Please use a userland alternative instead.
(Use `node --trace-deprecation ...` to show where the warning was created)
2025-11-02T14:11:23.362Z [ERROR] Ignoring invalid configuration option passed to Connection: acquireTimeout. This is currently a warning, but in future versions of MySQL2, an error will be thrown if you pass an invalid configuration option to a Connection
2025-11-02T14:11:23.362Z [ERROR] Ignoring invalid configuration option passed to Connection: reconnect. This is currently a warning, but in future versions of MySQL2, an error will be thrown if you pass an invalid configuration option to a Connection
2025-11-02T14:11:23.362Z [ERROR] (node:22994) [DEP0040] DeprecationWarning: The `punycode` module is deprecated. Please use a userland alternative instead.
(Use `node --trace-deprecation ...` to show where the warning was created)
2025-11-02T14:11:23.362Z [ERROR] Ignoring invalid configuration option passed to Connection: timeout. This is currently a warning, but in future versions of MySQL2, an error will be thrown if you pass an invalid configuration option to a Connection
2025-11-02T14:12:36.368Z [ERROR] Ignoring invalid configuration option passed to Connection: acquireTimeout. This is currently a warning, but in future versions of MySQL2, an error will be thrown if you pass an invalid configuration option to a Connection
2025-11-02T14:12:36.368Z [ERROR] Ignoring invalid configuration option passed to Connection: reconnect. This is currently a warning, but in future versions of MySQL2, an error will be thrown if you pass an invalid configuration option to a Connection
2025-11-02T14:12:36.368Z [ERROR] (node:23082) [DEP0040] DeprecationWarning: The `punycode` module is deprecated. Please use a userland alternative instead.
(Use `node --trace-deprecation ...` to show where the warning was created)
2025-11-02T14:12:36.368Z [ERROR] Ignoring invalid configuration option passed to Connection: timeout. This is currently a warning, but in future versions of MySQL2, an error will be thrown if you pass an invalid configuration option to a Connection
2025-11-02T14:14:03.101Z [ERROR] Ignoring invalid configuration option passed to Connection: reconnect. This is currently a warning, but in future versions of MySQL2, an error will be thrown if you pass an invalid configuration option to a Connection
2025-11-02T14:14:03.101Z [ERROR] Ignoring invalid configuration option passed to Connection: acquireTimeout. This is currently a warning, but in future versions of MySQL2, an error will be thrown if you pass an invalid configuration option to a Connection
2025-11-02T14:14:03.101Z [ERROR] (node:23169) [DEP0040] DeprecationWarning: The `punycode` module is deprecated. Please use a userland alternative instead.
(Use `node --trace-deprecation ...` to show where the warning was created)
2025-11-02T14:14:03.101Z [ERROR] Ignoring invalid configuration option passed to Connection: timeout. This is currently a warning, but in future versions of MySQL2, an error will be thrown if you pass an invalid configuration option to a Connection
2025-11-02T14:14:08.275Z [ERROR] [EVM] Error: request timeout (code=TIMEOUT, version=6.15.0)
2025-11-02T14:16:56.454Z [ERROR] Ignoring invalid configuration option passed to Connection: acquireTimeout. This is currently a warning, but in future versions of MySQL2, an error will be thrown if you pass an invalid configuration option to a Connection
2025-11-02T14:16:56.455Z [ERROR] Ignoring invalid configuration option passed to Connection: timeout. This is currently a warning, but in future versions of MySQL2, an error will be thrown if you pass an invalid configuration option to a Connection
2025-11-02T14:16:56.455Z [ERROR] (node:23376) [DEP0040] DeprecationWarning: The `punycode` module is deprecated. Please use a userland alternative instead.
(Use `node --trace-deprecation ...` to show where the warning was created)
2025-11-02T14:16:56.455Z [ERROR] Ignoring invalid configuration option passed to Connection: reconnect. This is currently a warning, but in future versions of MySQL2, an error will be thrown if you pass an invalid configuration option to a Connection
2025-11-02T14:25:28.733Z [ERROR] (node:23551) [DEP0040] DeprecationWarning: The `punycode` module is deprecated. Please use a userland alternative instead.
(Use `node --trace-deprecation ...` to show where the warning was created)
2025-11-02T14:29:24.053Z [ERROR] (node:23739) [DEP0040] DeprecationWarning: The `punycode` module is deprecated. Please use a userland alternative instead.
(Use `node --trace-deprecation ...` to show where the warning was created)
2025-11-02T14:34:14.507Z [ERROR] (node:24020) [DEP0040] DeprecationWarning: The `punycode` module is deprecated. Please use a userland alternative instead.
(Use `node --trace-deprecation ...` to show where the warning was created)
2025-11-02T14:35:02.556Z [ERROR] (node:24840) [DEP0040] DeprecationWarning: The `punycode` module is deprecated. Please use a userland alternative instead.
(Use `node --trace-deprecation ...` to show where the warning was created)
2025-11-02T14:44:13.188Z [ERROR] (node:25338) [DEP0040] DeprecationWarning: The `punycode` module is deprecated. Please use a userland alternative instead.
(Use `node --trace-deprecation ...` to show where the warning was created)
2025-11-02T14:45:02.861Z [ERROR] (node:26145) [DEP0040] DeprecationWarning: The `punycode` module is deprecated. Please use a userland alternative instead.
(Use `node --trace-deprecation ...` to show where the warning was created)
2025-11-02T14:46:22.367Z [ERROR] (node:26373) [DEP0040] DeprecationWarning: The `punycode` module is deprecated. Please use a userland alternative instead.
(Use `node --trace-deprecation ...` to show where the warning was created)
2025-11-02T14:46:50.574Z [ERROR] (node:27178) [DEP0040] DeprecationWarning: The `punycode` module is deprecated. Please use a userland alternative instead.
(Use `node --trace-deprecation ...` to show where the warning was created)
2025-11-02T15:06:59.135Z [ERROR] (node:27437) [DEP0040] DeprecationWarning: The `punycode` module is deprecated. Please use a userland alternative instead.
(Use `node --trace-deprecation ...` to show where the warning was created)
2025-11-02T15:09:01.917Z [ERROR] (node:27574) [DEP0040] DeprecationWarning: The `punycode` module is deprecated. Please use a userland alternative instead.
(Use `node --trace-deprecation ...` to show where the warning was created)
2025-11-02T15:18:16.832Z [ERROR] (node:27951) [DEP0040] DeprecationWarning: The `punycode` module is deprecated. Please use a userland alternative instead.
(Use `node --trace-deprecation ...` to show where the warning was created)
2025-11-02T15:18:58.999Z [ERROR] (node:28773) [DEP0040] DeprecationWarning: The `punycode` module is deprecated. Please use a userland alternative instead.
(Use `node --trace-deprecation ...` to show where the warning was created)
2025-11-02T15:21:25.333Z [ERROR] (node:29604) [DEP0040] DeprecationWarning: The `punycode` module is deprecated. Please use a userland alternative instead.
(Use `node --trace-deprecation ...` to show where the warning was created)
2025-11-02T15:35:50.986Z [ERROR] (node:30507) [DEP0040] DeprecationWarning: The `punycode` module is deprecated. Please use a userland alternative instead.
(Use `node --trace-deprecation ...` to show where the warning was created)
2025-11-02T15:36:41.552Z [ERROR] (node:31322) [DEP0040] DeprecationWarning: The `punycode` module is deprecated. Please use a userland alternative instead.
(Use `node --trace-deprecation ...` to show where the warning was created)
2025-11-02T15:38:28.406Z [ERROR] (node:32151) [DEP0040] DeprecationWarning: The `punycode` module is deprecated. Please use a userland alternative instead.
(Use `node --trace-deprecation ...` to show where the warning was created)
2025-11-02T15:43:03.872Z [ERROR] ❌ 处理存款事件失败: Data too long for column 'txid' at row 1
2025-11-02T15:43:03.872Z [ERROR] 插入交易记录失败: Error: Data too long for column 'txid' at row 1
2025-11-02T16:02:41.487Z [ERROR] (node:32435) [DEP0040] DeprecationWarning: The `punycode` module is deprecated. Please use a userland alternative instead.
(Use `node --trace-deprecation ...` to show where the warning was created)
2025-11-02T16:02:59.864Z [ERROR] transferError AssertionError [ERR_ASSERTION]: private key network id mismatch
2025-11-02T16:05:31.797Z [ERROR] (node:32543) [DEP0040] DeprecationWarning: The `punycode` module is deprecated. Please use a userland alternative instead.
(Use `node --trace-deprecation ...` to show where the warning was created)
2025-11-02T16:05:50.157Z [WARN] ⚠️ 交易记录已存在，跳过处理
2025-11-02T16:07:07.589Z [ERROR] (node:32648) [DEP0040] DeprecationWarning: The `punycode` module is deprecated. Please use a userland alternative instead.
(Use `node --trace-deprecation ...` to show where the warning was created)
2025-11-02T16:07:22.573Z [ERROR] transferError AssertionError [ERR_ASSERTION]: private key network id mismatch
2025-11-02T16:20:38.264Z [ERROR] (node:32993) [DEP0040] DeprecationWarning: The `punycode` module is deprecated. Please use a userland alternative instead.
(Use `node --trace-deprecation ...` to show where the warning was created)
2025-11-02T16:20:56.165Z [ERROR] transferError AssertionError [ERR_ASSERTION]: private key network id mismatch
2025-11-02T16:28:44.418Z [ERROR] (node:33355) [DEP0040] DeprecationWarning: The `punycode` module is deprecated. Please use a userland alternative instead.
(Use `node --trace-deprecation ...` to show where the warning was created)
2025-11-02T16:29:00.866Z [ERROR] transferError SerializationError: Unable to serialize transaction: operations: transfer: amount: Invalid asset symbol: Object]
2025-11-02T16:33:26.225Z [ERROR] (node:33487) [DEP0040] DeprecationWarning: The `punycode` module is deprecated. Please use a userland alternative instead.
(Use `node --trace-deprecation ...` to show where the warning was created)
